#
# There is insufficient memory for the Java Runtime Environment to continue.
# Native memory allocation (mmap) failed to map 536870912 bytes for G1 virtual space
# Possible reasons:
#   The system is out of physical RAM or swap space
#   The process is running with CompressedOops enabled, and the Java Heap may be blocking the growth of the native heap
# Possible solutions:
#   Reduce memory load on the system
#   Increase physical memory or swap space
#   Check if swap backing store is full
#   Decrease Java heap size (-Xmx/-Xms)
#   Decrease number of Java threads
#   Decrease Java thread stack sizes (-Xss)
#   Set larger code cache with -XX:ReservedCodeCacheSize=
#   JVM is running with Unscaled Compressed Oops mode in which the Java heap is
#     placed in the first 4GB address space. The Java Heap base address is the
#     maximum limit for the native heap growth. Please use -XX:HeapBaseMinAddress
#     to set the Java Heap base and to place the Java Heap above 4GB virtual address.
# This output file may be truncated or incomplete.
#
#  Out of Memory Error (os_windows.cpp:3469), pid=51684, tid=25304
#
# JRE version:  (17.0.1+12) (build )
# Java VM: Java HotSpot(TM) 64-Bit Server VM (17.0.1+12-LTS-39, mixed mode, sharing, tiered, compressed oops, compressed class ptrs, g1 gc, windows-amd64)
# No core dump will be written. Minidumps are not enabled by default on client versions of Windows
#

---------------  S U M M A R Y ------------

Command Line: -Xmx512M -Xms512M net.bytebuddy.agent.Attacher com.sun.tools.attach.VirtualMachine 33312 C:\Users\nimitjohri\.m2\repository\net\bytebuddy\byte-buddy-agent\1.11.22\byte-buddy-agent-1.11.22.jar false 

Host: Intel(R) Core(TM) i5-8365U CPU @ 1.60GHz, 8 cores, 15G,  Windows 10 , 64 bit Build 19041 (10.0.19041.1348)
Time: Tue Dec 21 14:11:26 2021 India Standard Time elapsed time: 0.019759 seconds (0d 0h 0m 0s)

---------------  T H R E A D  ---------------

Current thread (0x000002893bcc4210):  JavaThread "Unknown thread" [_thread_in_vm, id=25304, stack(0x000000bcb8a00000,0x000000bcb8b00000)]

Stack: [0x000000bcb8a00000,0x000000bcb8b00000]
Native frames: (J=compiled Java code, j=interpreted, Vv=VM code, C=native code)
V  [jvm.dll+0x66fa1a]
V  [jvm.dll+0x7ce5a4]
V  [jvm.dll+0x7cfd4e]
V  [jvm.dll+0x7d03b3]
V  [jvm.dll+0x242b05]
V  [jvm.dll+0x66ca39]
V  [jvm.dll+0x661502]
V  [jvm.dll+0x30081b]
V  [jvm.dll+0x307da6]
V  [jvm.dll+0x357a1e]
V  [jvm.dll+0x357c4f]
V  [jvm.dll+0x2d7ad8]
V  [jvm.dll+0x2d8a44]
V  [jvm.dll+0x7a01e1]
V  [jvm.dll+0x365791]
V  [jvm.dll+0x77f6cc]
V  [jvm.dll+0x3e812f]
V  [jvm.dll+0x3e9bd1]
C  [jli.dll+0x527b]
C  [ucrtbase.dll+0x21bb2]
C  [KERNEL32.DLL+0x17034]
C  [ntdll.dll+0x52651]


---------------  P R O C E S S  ---------------

Threads class SMR info:
_java_thread_list=0x00007ffc92287818, length=0, elements={
}

Java Threads: ( => current thread )

Other Threads:
  0x000002893bcea0f0 GCTaskThread "GC Thread#0" [stack: 0x000000bcb8b00000,0x000000bcb8c00000] [id=17288]
  0x000002893bcef030 ConcurrentGCThread "G1 Main Marker" [stack: 0x000000bcb8c00000,0x000000bcb8d00000] [id=33260]
  0x000002893bcf01e0 ConcurrentGCThread "G1 Conc#0" [stack: 0x000000bcb8d00000,0x000000bcb8e00000] [id=35944]

[error occurred during error reporting (printing all threads), id 0xc0000005, EXCEPTION_ACCESS_VIOLATION (0xc0000005) at pc=0x00007ffc91ad84b7]

VM state: not at safepoint (not fully initialized)

VM Mutex/Monitor currently owned by a thread:  ([mutex/lock_event])
[0x000002893bcbe730] Heap_lock - owner thread: 0x000002893bcc4210

Heap address: 0x00000000e0000000, size: 512 MB, Compressed Oops mode: 32-bit

CDS archive(s) mapped at: [0x0000000000000000-0x0000000000000000-0x0000000000000000), size 0, SharedBaseAddress: 0x0000000800000000, ArchiveRelocationMode: 0.
Narrow klass base: 0x0000000000000000, Narrow klass shift: 0, Narrow klass range: 0x0

GC Precious Log:
<Empty>

Heap:
 garbage-first heap   total 0K, used 0K [0x00000000e0000000, 0x0000000100000000)
  region size 1024K, 0 young (0K), 0 survivors (0K)

[error occurred during error reporting (printing heap information), id 0xc0000005, EXCEPTION_ACCESS_VIOLATION (0xc0000005) at pc=0x00007ffc91eb8d89]

GC Heap History (0 events):
No events

Deoptimization events (0 events):
No events

Classes unloaded (0 events):
No events

Classes redefined (0 events):
No events

Internal exceptions (0 events):
No events

VM Operations (0 events):
No events

Events (1 events):
Event: 0.013 Loaded shared library C:\Program Files\Java\jdk-17.0.1\bin\java.dll


Dynamic libraries:
0x00007ff6228e0000 - 0x00007ff6228f0000 	C:\Program Files\Java\jdk-17.0.1\bin\java.exe
0x00007ffd01f90000 - 0x00007ffd02185000 	C:\WINDOWS\SYSTEM32\ntdll.dll
0x00007ffd01e90000 - 0x00007ffd01f4e000 	C:\WINDOWS\System32\KERNEL32.DLL
0x00007ffcffaa0000 - 0x00007ffcffd68000 	C:\WINDOWS\System32\KERNELBASE.dll
0x00007ffcffe80000 - 0x00007ffcfff80000 	C:\WINDOWS\System32\ucrtbase.dll
0x00007ffce4dd0000 - 0x00007ffce4dea000 	C:\Program Files\Java\jdk-17.0.1\bin\VCRUNTIME140.dll
0x00007ffce38b0000 - 0x00007ffce38c8000 	C:\Program Files\Java\jdk-17.0.1\bin\jli.dll
0x00007ffd00280000 - 0x00007ffd0032c000 	C:\WINDOWS\System32\ADVAPI32.dll
0x00007ffd01740000 - 0x00007ffd017de000 	C:\WINDOWS\System32\msvcrt.dll
0x00007ffd001e0000 - 0x00007ffd0027b000 	C:\WINDOWS\System32\sechost.dll
0x00007ffd000a0000 - 0x00007ffd001ca000 	C:\WINDOWS\System32\RPCRT4.dll
0x00007ffd00970000 - 0x00007ffd00b11000 	C:\WINDOWS\System32\USER32.dll
0x00007ffce6d70000 - 0x00007ffce700a000 	C:\WINDOWS\WinSxS\amd64_microsoft.windows.common-controls_6595b64144ccf1df_6.0.19041.1110_none_60b5254171f9507e\COMCTL32.dll
0x00007ffcfffb0000 - 0x00007ffcfffd2000 	C:\WINDOWS\System32\win32u.dll
0x00007ffcfffe0000 - 0x00007ffd0000b000 	C:\WINDOWS\System32\GDI32.dll
0x00007ffcffd70000 - 0x00007ffcffe7b000 	C:\WINDOWS\System32\gdi32full.dll
0x00007ffcffa00000 - 0x00007ffcffa9d000 	C:\WINDOWS\System32\msvcp_win.dll
0x00007ffcf57f0000 - 0x00007ffcf57fa000 	C:\WINDOWS\SYSTEM32\VERSION.dll
0x00007ffd00d00000 - 0x00007ffd00d30000 	C:\WINDOWS\System32\IMM32.DLL
0x00007ffcebc30000 - 0x00007ffcebc3c000 	C:\Program Files\Java\jdk-17.0.1\bin\vcruntime140_1.dll
0x00007ffcc6c10000 - 0x00007ffcc6c9d000 	C:\Program Files\Java\jdk-17.0.1\bin\msvcp140.dll
0x00007ffc917f0000 - 0x00007ffc923ae000 	C:\Program Files\Java\jdk-17.0.1\bin\server\jvm.dll
0x00007ffd00390000 - 0x00007ffd00398000 	C:\WINDOWS\System32\PSAPI.DLL
0x00007ffce9690000 - 0x00007ffce96b7000 	C:\WINDOWS\SYSTEM32\WINMM.dll
0x00007ffccc9d0000 - 0x00007ffccc9d9000 	C:\WINDOWS\SYSTEM32\WSOCK32.dll
0x00007ffd00830000 - 0x00007ffd0089b000 	C:\WINDOWS\System32\WS2_32.dll
0x00007ffcfd360000 - 0x00007ffcfd372000 	C:\WINDOWS\SYSTEM32\kernel.appcore.dll
0x00007ffceb9f0000 - 0x00007ffceb9fa000 	C:\Program Files\Java\jdk-17.0.1\bin\jimage.dll
0x00007ffcf7630000 - 0x00007ffcf7814000 	C:\WINDOWS\SYSTEM32\DBGHELP.DLL
0x00007ffcf0800000 - 0x00007ffcf082c000 	C:\WINDOWS\SYSTEM32\dbgcore.DLL
0x00007ffcff6b0000 - 0x00007ffcff733000 	C:\WINDOWS\System32\bcryptPrimitives.dll
0x00007ffcdcf20000 - 0x00007ffcdcf45000 	C:\Program Files\Java\jdk-17.0.1\bin\java.dll

dbghelp: loaded successfully - version: 4.0.5 - missing functions: none
symbol engine: initialized successfully - sym options: 0x614 - pdb path: .;C:\Program Files\Java\jdk-17.0.1\bin;C:\WINDOWS\SYSTEM32;C:\WINDOWS\WinSxS\amd64_microsoft.windows.common-controls_6595b64144ccf1df_6.0.19041.1110_none_60b5254171f9507e;C:\Program Files\Java\jdk-17.0.1\bin\server

VM Arguments:
jvm_args: -Xmx512M -Xms512M 
java_command: net.bytebuddy.agent.Attacher com.sun.tools.attach.VirtualMachine 33312 C:\Users\nimitjohri\.m2\repository\net\bytebuddy\byte-buddy-agent\1.11.22\byte-buddy-agent-1.11.22.jar false 
java_class_path (initial): C:\Users\nimitjohri\.m2\repository\net\bytebuddy\byte-buddy-agent\1.11.22\byte-buddy-agent-1.11.22.jar
Launcher Type: SUN_STANDARD

[Global flags]
     intx CICompilerCount                          = 4                                         {product} {ergonomic}
     uint ConcGCThreads                            = 2                                         {product} {ergonomic}
     uint G1ConcRefinementThreads                  = 8                                         {product} {ergonomic}
   size_t G1HeapRegionSize                         = 1048576                                   {product} {ergonomic}
    uintx GCDrainStackTargetSize                   = 64                                        {product} {ergonomic}
   size_t InitialHeapSize                          = 536870912                                 {product} {command line}
   size_t MarkStackSize                            = 4194304                                   {product} {ergonomic}
   size_t MaxHeapSize                              = 536870912                                 {product} {command line}
   size_t MinHeapDeltaBytes                        = 1048576                                   {product} {ergonomic}
   size_t MinHeapSize                              = 536870912                                 {product} {command line}
    uintx NonNMethodCodeHeapSize                   = 5839372                                {pd product} {ergonomic}
    uintx NonProfiledCodeHeapSize                  = 122909434                              {pd product} {ergonomic}
    uintx ProfiledCodeHeapSize                     = 122909434                              {pd product} {ergonomic}
    uintx ReservedCodeCacheSize                    = 251658240                              {pd product} {ergonomic}
     bool SegmentedCodeCache                       = true                                      {product} {ergonomic}
   size_t SoftMaxHeapSize                          = 536870912                              {manageable} {ergonomic}
     bool UseCompressedClassPointers               = true                           {product lp64_product} {ergonomic}
     bool UseCompressedOops                        = true                           {product lp64_product} {ergonomic}
     bool UseG1GC                                  = true                                      {product} {ergonomic}
     bool UseLargePagesIndividualAllocation        = false                                  {pd product} {ergonomic}

Logging:
Log output configuration:
 #0: stdout all=warning uptime,level,tags
 #1: stderr all=off uptime,level,tags

Environment Variables:
JAVA_HOME=C:\Program Files\Java\jdk-17.0.1
_JAVA_OPTIONS=-Xmx512M -Xms512M
PATH=C:\Program Files\Common Files\Oracle\Java\javapath;C:\Program Files\Eclipse Adoptium\jdk-17.0.1.12-hotspot\bin;C:\WINDOWS\system32;C:\WINDOWS;C:\WINDOWS\System32\Wbem;C:\WINDOWS\System32\WindowsPowerShell\v1.0\;C:\WINDOWS\System32\OpenSSH\;C:\Program Files\TortoiseSVN\bin;C:\Program Files\Amazon\AWSCLIV2\;D:\InstalledSoftwares\nodejs\;C:\ProgramData\chocolatey\bin;C:\Program Files\Java\jdk-14.0.1\bin;D:\InstalledSoftwares\Python\Python38;D:\InstalledSoftwares\Python\Python38\Scripts;D:\Softwares\openssh-8.3p1;D:\LutronProjects\aws-login-tool\node_modules\.bin;D:\InstalledSoftwares\WinSCP\;D:\InstalledSoftwares\apache-maven-3.6.3-bin\apache-maven-3.6.3\bin;C:\Program Files\Java\jdk-11.0.1\bin;C:\Progra~1\Java\jdk1.8.0_261\bin;D:\InstalledSoftwares\helm-v3.3.1-windows-amd64\windows-amd64;D:\InstalledSoftwares\spark-3.0.1-bin-hadoop2.7\spark-3.0.1-bin-hadoop2.7\bin;D:\InstalledSoftwares\scala\bin;D:\InstalledSoftwares\scala\bin;D:\InstalledSoftwares\zookeeper\apache-zookeeper-3.6.2\apache-zookeeper-3.6.2-bin\bin;D:\InstalledSoftwares\gradle-2.8-all\gradle-2.8\bin;%ZOOKEEPER_HOME%\bin;C:\Program Files\dotnet\;C:\Program Files\Microsoft SQL Server\130\Tools\Binn\;C:\Program Files\Microsoft SQL Server\Client SDK\ODBC\170\Tools\Binn\;C:\Program Files\Azure Data Studio\bin;C:\Program Files (x86)\dotnet\;D:\InstalledSoftware\nodejs\;C:\Program Files\Docker\Docker\resources\bin;C:\ProgramData\DockerDesktop\version-bin;C:\Program Files\Microsoft VS Code\bin;D:\InstalledSoftwares\Go\bin;C:\Program Files\Git\cmd;C:\Users\nimitjohri\AppData\Local\Microsoft\WindowsApps;C:\Users\nimitjohri\AppData\Roaming\npm;$GOBIN\bin;D:\InstalledSoftwares\pdfc;D:\InstalledSoftwares\jfrog-artifactory-oss-6.20.0\artifactory-oss-6.20.0\bin;D:\InstalledSoftwares\sonarqube-8.4.1.35646\sonarqube-8.4.1.35646\bin\windows-x86-64;D:\InstalledSoftwares\sonar-scanner-cli-4.4.0.2170-windows\sonar-scanner-4.4.0.2170-windows\bin;D:\InstalledSoftwares\Jenkins;C:\Users\nimitjohri\.dotnet\tools;C:\Program Files
USERNAME=nimitjohri
LANG=en_US.UTF-8
OS=Windows_NT
PROCESSOR_IDENTIFIER=Intel64 Family 6 Model 142 Stepping 12, GenuineIntel



---------------  S Y S T E M  ---------------

OS:
 Windows 10 , 64 bit Build 19041 (10.0.19041.1348)
OS uptime: 1 days 12:08 hours
Hyper-V role detected

CPU: total 8 (initial active 8) (4 cores per cpu, 2 threads per core) family 6 model 142 stepping 12 microcode 0xc6, cx8, cmov, fxsr, ht, mmx, 3dnowpref, sse, sse2, sse3, ssse3, sse4.1, sse4.2, popcnt, lzcnt, tsc, tscinvbit, avx, avx2, aes, erms, clmul, bmi1, bmi2, adx, fma, vzeroupper, clflush, clflushopt, hv

Memory: 4k page, system-wide physical 16198M (416M free)
TotalPageFile size 33758M (AvailPageFile size 434M)
current process WorkingSet (physical memory assigned to process): 10M, peak: 10M
current process commit charge ("private bytes"): 59M, peak: 571M

vm_info: Java HotSpot(TM) 64-Bit Server VM (17.0.1+12-LTS-39) for windows-amd64 JRE (17.0.1+12-LTS-39), built on Sep 27 2021 18:41:35 by "mach5one" with MS VC++ 16.8 (VS2019)

END.
